 go build -o rwop.bin -gcflags -S ./ 2>&1 > build.log
# github.com/blademainer/go-exercise/demos/map/loop
os.(*File).close STEXT dupok nosplit size=26 args=0x18 locals=0x0
        0x0000 00000 (<autogenerated>:1)        TEXT    os.(*File).close(SB), DUPOK|NOSPLIT|ABIInternal, $0-24
        0x0000 00000 (<autogenerated>:1)        FUNCDATA        $0, gclocals·e6397a44f8e1b6e77d0f200b4fba5269(SB)
        0x0000 00000 (<autogenerated>:1)        FUNCDATA        $1, gclocals·69c1753bd5f81501d95132d08af04464(SB)
        0x0000 00000 (<autogenerated>:1)        MOVQ    ""..this+8(SP), AX
        0x0005 00005 (<autogenerated>:1)        MOVQ    (AX), AX
        0x0008 00008 (<autogenerated>:1)        MOVQ    AX, ""..this+8(SP)
        0x000d 00013 (<autogenerated>:1)        XORPS   X0, X0
        0x0010 00016 (<autogenerated>:1)        MOVUPS  X0, "".~r0+16(SP)
        0x0015 00021 (<autogenerated>:1)        JMP     os.(*file).close(SB)
        0x0000 48 8b 44 24 08 48 8b 00 48 89 44 24 08 0f 57 c0  H.D$.H..H.D$..W.
        0x0010 0f 11 44 24 10 e9 00 00 00 00                    ..D$......
        rel 22+4 t=8 os.(*file).close+0
"".main STEXT size=601 args=0x0 locals=0xe0
        0x0000 00000 (${GOPATH}/src/github.com/blademainer/go-exercise/demos/map/loop/main.go:7)    TEXT    "".main(SB), ABIInternal, $224-0
        0x0000 00000 (${GOPATH}/src/github.com/blademainer/go-exercise/demos/map/loop/main.go:7)    MOVQ    (TLS), CX
        0x0009 00009 (${GOPATH}/src/github.com/blademainer/go-exercise/demos/map/loop/main.go:7)    LEAQ    -96(SP), AX
        0x000e 00014 (${GOPATH}/src/github.com/blademainer/go-exercise/demos/map/loop/main.go:7)    CMPQ    AX, 16(CX)
        0x0012 00018 (${GOPATH}/src/github.com/blademainer/go-exercise/demos/map/loop/main.go:7)    PCDATA  $0, $-2
        0x0012 00018 (${GOPATH}/src/github.com/blademainer/go-exercise/demos/map/loop/main.go:7)    JLS     591
        0x0018 00024 (${GOPATH}/src/github.com/blademainer/go-exercise/demos/map/loop/main.go:7)    PCDATA  $0, $-1
        0x0018 00024 (${GOPATH}/src/github.com/blademainer/go-exercise/demos/map/loop/main.go:7)    SUBQ    $224, SP
        0x001f 00031 (${GOPATH}/src/github.com/blademainer/go-exercise/demos/map/loop/main.go:7)    MOVQ    BP, 216(SP)
        0x0027 00039 (${GOPATH}/src/github.com/blademainer/go-exercise/demos/map/loop/main.go:7)    LEAQ    216(SP), BP
        0x002f 00047 (${GOPATH}/src/github.com/blademainer/go-exercise/demos/map/loop/main.go:7)    FUNCDATA        $0, gclocals·f6bd6b3389b872033d462029172c8612(SB)
        0x002f 00047 (${GOPATH}/src/github.com/blademainer/go-exercise/demos/map/loop/main.go:7)    FUNCDATA        $1, gclocals·0d0e6f8566d1cd8cf7ffdfe7549453cd(SB)
        0x002f 00047 (${GOPATH}/src/github.com/blademainer/go-exercise/demos/map/loop/main.go:7)    FUNCDATA        $3, "".main.stkobj(SB)
        0x002f 00047 (${GOPATH}/src/github.com/blademainer/go-exercise/demos/map/loop/main.go:8)    PCDATA  $1, $0
        0x002f 00047 (${GOPATH}/src/github.com/blademainer/go-exercise/demos/map/loop/main.go:8)    CALL    runtime.makemap_small(SB)
        0x0034 00052 (${GOPATH}/src/github.com/blademainer/go-exercise/demos/map/loop/main.go:8)    MOVQ    (SP), AX
        0x0038 00056 (${GOPATH}/src/github.com/blademainer/go-exercise/demos/map/loop/main.go:8)    MOVQ    AX, ""..autotmp_42+80(SP)
        0x003d 00061 (${GOPATH}/src/github.com/blademainer/go-exercise/demos/map/loop/main.go:9)    LEAQ    type.map[string]int(SB), CX
        0x0044 00068 (${GOPATH}/src/github.com/blademainer/go-exercise/demos/map/loop/main.go:9)    MOVQ    CX, (SP)
        0x0048 00072 (${GOPATH}/src/github.com/blademainer/go-exercise/demos/map/loop/main.go:9)    MOVQ    AX, 8(SP)
        0x004d 00077 (${GOPATH}/src/github.com/blademainer/go-exercise/demos/map/loop/main.go:9)    LEAQ    go.string."qcrao"(SB), DX
        0x0054 00084 (${GOPATH}/src/github.com/blademainer/go-exercise/demos/map/loop/main.go:9)    MOVQ    DX, 16(SP)
        0x0059 00089 (${GOPATH}/src/github.com/blademainer/go-exercise/demos/map/loop/main.go:9)    MOVQ    $5, 24(SP)
        0x0062 00098 (${GOPATH}/src/github.com/blademainer/go-exercise/demos/map/loop/main.go:9)    PCDATA  $1, $1
        0x0062 00098 (${GOPATH}/src/github.com/blademainer/go-exercise/demos/map/loop/main.go:9)    CALL    runtime.mapassign_faststr(SB)
        0x0067 00103 (${GOPATH}/src/github.com/blademainer/go-exercise/demos/map/loop/main.go:9)    MOVQ    32(SP), AX
        0x006c 00108 (${GOPATH}/src/github.com/blademainer/go-exercise/demos/map/loop/main.go:9)    MOVQ    $18, (AX)
        0x0073 00115 (${GOPATH}/src/github.com/blademainer/go-exercise/demos/map/loop/main.go:10)   LEAQ    ""..autotmp_15+120(SP), DI
        0x0078 00120 (${GOPATH}/src/github.com/blademainer/go-exercise/demos/map/loop/main.go:10)   XORPS   X0, X0
        0x007b 00123 (${GOPATH}/src/github.com/blademainer/go-exercise/demos/map/loop/main.go:10)   LEAQ    -32(DI), DI
        0x007f 00127 (${GOPATH}/src/github.com/blademainer/go-exercise/demos/map/loop/main.go:10)   NOP
        0x0080 00128 (${GOPATH}/src/github.com/blademainer/go-exercise/demos/map/loop/main.go:10)   DUFFZERO        $273
        0x0093 00147 (${GOPATH}/src/github.com/blademainer/go-exercise/demos/map/loop/main.go:10)   LEAQ    type.map[string]int(SB), AX
        0x009a 00154 (${GOPATH}/src/github.com/blademainer/go-exercise/demos/map/loop/main.go:10)   MOVQ    AX, (SP)
        0x009e 00158 (${GOPATH}/src/github.com/blademainer/go-exercise/demos/map/loop/main.go:10)   MOVQ    ""..autotmp_42+80(SP), CX
        0x00a3 00163 (${GOPATH}/src/github.com/blademainer/go-exercise/demos/map/loop/main.go:10)   MOVQ    CX, 8(SP)
        0x00a8 00168 (${GOPATH}/src/github.com/blademainer/go-exercise/demos/map/loop/main.go:10)   LEAQ    ""..autotmp_15+120(SP), DX
        0x00ad 00173 (${GOPATH}/src/github.com/blademainer/go-exercise/demos/map/loop/main.go:10)   MOVQ    DX, 16(SP)
        0x00b2 00178 (${GOPATH}/src/github.com/blademainer/go-exercise/demos/map/loop/main.go:10)   PCDATA  $1, $2
        0x00b2 00178 (${GOPATH}/src/github.com/blademainer/go-exercise/demos/map/loop/main.go:10)   CALL    runtime.mapiterinit(SB)
        0x00b7 00183 (${GOPATH}/src/github.com/blademainer/go-exercise/demos/map/loop/main.go:10)   JMP     467
        0x00bc 00188 (${GOPATH}/src/github.com/blademainer/go-exercise/demos/map/loop/main.go:10)   MOVQ    (AX), CX
        0x00bf 00191 (${GOPATH}/src/github.com/blademainer/go-exercise/demos/map/loop/main.go:10)   MOVQ    CX, "".name.ptr+72(SP)
        0x00c4 00196 (${GOPATH}/src/github.com/blademainer/go-exercise/demos/map/loop/main.go:10)   MOVQ    8(AX), AX
        0x00c8 00200 (${GOPATH}/src/github.com/blademainer/go-exercise/demos/map/loop/main.go:10)   MOVQ    AX, "".name.len+64(SP)
        0x00cd 00205 (${GOPATH}/src/github.com/blademainer/go-exercise/demos/map/loop/main.go:11)   MOVQ    $0, (SP)
        0x00d5 00213 (${GOPATH}/src/github.com/blademainer/go-exercise/demos/map/loop/main.go:11)   MOVQ    CX, 8(SP)
        0x00da 00218 (${GOPATH}/src/github.com/blademainer/go-exercise/demos/map/loop/main.go:11)   MOVQ    AX, 16(SP)
        0x00df 00223 (${GOPATH}/src/github.com/blademainer/go-exercise/demos/map/loop/main.go:11)   MOVQ    CX, 24(SP)
        0x00e4 00228 (${GOPATH}/src/github.com/blademainer/go-exercise/demos/map/loop/main.go:11)   MOVQ    AX, 32(SP)
        0x00e9 00233 (${GOPATH}/src/github.com/blademainer/go-exercise/demos/map/loop/main.go:11)   PCDATA  $1, $3
        0x00e9 00233 (${GOPATH}/src/github.com/blademainer/go-exercise/demos/map/loop/main.go:11)   CALL    runtime.concatstring2(SB)
        0x00ee 00238 (${GOPATH}/src/github.com/blademainer/go-exercise/demos/map/loop/main.go:11)   MOVQ    40(SP), AX
        0x00f3 00243 (${GOPATH}/src/github.com/blademainer/go-exercise/demos/map/loop/main.go:11)   MOVQ    48(SP), CX
        0x00f8 00248 (${GOPATH}/src/github.com/blademainer/go-exercise/demos/map/loop/main.go:11)   LEAQ    type.map[string]int(SB), DX
        0x00ff 00255 (${GOPATH}/src/github.com/blademainer/go-exercise/demos/map/loop/main.go:11)   MOVQ    DX, (SP)
        0x0103 00259 (${GOPATH}/src/github.com/blademainer/go-exercise/demos/map/loop/main.go:11)   MOVQ    ""..autotmp_42+80(SP), BX
        0x0108 00264 (${GOPATH}/src/github.com/blademainer/go-exercise/demos/map/loop/main.go:11)   MOVQ    BX, 8(SP)
        0x010d 00269 (${GOPATH}/src/github.com/blademainer/go-exercise/demos/map/loop/main.go:11)   MOVQ    AX, 16(SP)
        0x0112 00274 (${GOPATH}/src/github.com/blademainer/go-exercise/demos/map/loop/main.go:11)   MOVQ    CX, 24(SP)
        0x0117 00279 (${GOPATH}/src/github.com/blademainer/go-exercise/demos/map/loop/main.go:11)   CALL    runtime.mapassign_faststr(SB)
        0x011c 00284 (${GOPATH}/src/github.com/blademainer/go-exercise/demos/map/loop/main.go:11)   MOVQ    32(SP), AX
        0x0121 00289 (${GOPATH}/src/github.com/blademainer/go-exercise/demos/map/loop/main.go:11)   MOVQ    $1, (AX)
        0x0128 00296 (${GOPATH}/src/github.com/blademainer/go-exercise/demos/map/loop/main.go:12)   LEAQ    type.map[string]int(SB), AX
        0x012f 00303 (${GOPATH}/src/github.com/blademainer/go-exercise/demos/map/loop/main.go:12)   MOVQ    AX, (SP)
        0x0133 00307 (${GOPATH}/src/github.com/blademainer/go-exercise/demos/map/loop/main.go:12)   MOVQ    ""..autotmp_42+80(SP), CX
        0x0138 00312 (${GOPATH}/src/github.com/blademainer/go-exercise/demos/map/loop/main.go:12)   MOVQ    CX, 8(SP)
        0x013d 00317 (${GOPATH}/src/github.com/blademainer/go-exercise/demos/map/loop/main.go:12)   MOVQ    "".name.ptr+72(SP), DX
        0x0142 00322 (${GOPATH}/src/github.com/blademainer/go-exercise/demos/map/loop/main.go:12)   MOVQ    DX, 16(SP)
        0x0147 00327 (${GOPATH}/src/github.com/blademainer/go-exercise/demos/map/loop/main.go:12)   MOVQ    "".name.len+64(SP), BX
        0x014c 00332 (${GOPATH}/src/github.com/blademainer/go-exercise/demos/map/loop/main.go:12)   MOVQ    BX, 24(SP)
        0x0151 00337 (${GOPATH}/src/github.com/blademainer/go-exercise/demos/map/loop/main.go:12)   CALL    runtime.mapdelete_faststr(SB)
        0x0156 00342 (${GOPATH}/src/github.com/blademainer/go-exercise/demos/map/loop/main.go:13)   MOVQ    "".name.ptr+72(SP), AX
        0x015b 00347 (${GOPATH}/src/github.com/blademainer/go-exercise/demos/map/loop/main.go:13)   MOVQ    AX, (SP)
        0x015f 00351 (${GOPATH}/src/github.com/blademainer/go-exercise/demos/map/loop/main.go:13)   MOVQ    "".name.len+64(SP), AX
        0x0164 00356 (${GOPATH}/src/github.com/blademainer/go-exercise/demos/map/loop/main.go:13)   MOVQ    AX, 8(SP)
        0x0169 00361 (${GOPATH}/src/github.com/blademainer/go-exercise/demos/map/loop/main.go:13)   PCDATA  $1, $2
        0x0169 00361 (${GOPATH}/src/github.com/blademainer/go-exercise/demos/map/loop/main.go:13)   CALL    runtime.convTstring(SB)
        0x016e 00366 (${GOPATH}/src/github.com/blademainer/go-exercise/demos/map/loop/main.go:13)   MOVQ    16(SP), AX
        0x0173 00371 (${GOPATH}/src/github.com/blademainer/go-exercise/demos/map/loop/main.go:13)   XORPS   X0, X0
        0x0176 00374 (${GOPATH}/src/github.com/blademainer/go-exercise/demos/map/loop/main.go:13)   MOVUPS  X0, ""..autotmp_25+104(SP)
        0x017b 00379 (${GOPATH}/src/github.com/blademainer/go-exercise/demos/map/loop/main.go:13)   LEAQ    type.string(SB), CX
        0x0182 00386 (${GOPATH}/src/github.com/blademainer/go-exercise/demos/map/loop/main.go:13)   MOVQ    CX, ""..autotmp_25+104(SP)
        0x0187 00391 (${GOPATH}/src/github.com/blademainer/go-exercise/demos/map/loop/main.go:13)   MOVQ    AX, ""..autotmp_25+112(SP)
        0x018c 00396 (<unknown line number>)    NOP
        0x018c 00396 ($GOROOT/src/fmt/print.go:274)     MOVQ    os.Stdout(SB), AX
        0x0193 00403 ($GOROOT/src/fmt/print.go:274)     LEAQ    go.itab.*os.File,io.Writer(SB), DX
        0x019a 00410 ($GOROOT/src/fmt/print.go:274)     MOVQ    DX, (SP)
        0x019e 00414 ($GOROOT/src/fmt/print.go:274)     MOVQ    AX, 8(SP)
        0x01a3 00419 ($GOROOT/src/fmt/print.go:274)     LEAQ    ""..autotmp_25+104(SP), AX
        0x01a8 00424 ($GOROOT/src/fmt/print.go:274)     MOVQ    AX, 16(SP)
        0x01ad 00429 ($GOROOT/src/fmt/print.go:274)     MOVQ    $1, 24(SP)
        0x01b6 00438 ($GOROOT/src/fmt/print.go:274)     MOVQ    $1, 32(SP)
        0x01bf 00447 ($GOROOT/src/fmt/print.go:274)     NOP
        0x01c0 00448 ($GOROOT/src/fmt/print.go:274)     CALL    fmt.Fprintln(SB)
        0x01c5 00453 (${GOPATH}/src/github.com/blademainer/go-exercise/demos/map/loop/main.go:10)   LEAQ    ""..autotmp_15+120(SP), AX
        0x01ca 00458 (${GOPATH}/src/github.com/blademainer/go-exercise/demos/map/loop/main.go:10)   MOVQ    AX, (SP)
        0x01ce 00462 (${GOPATH}/src/github.com/blademainer/go-exercise/demos/map/loop/main.go:10)   CALL    runtime.mapiternext(SB)
        0x01d3 00467 (${GOPATH}/src/github.com/blademainer/go-exercise/demos/map/loop/main.go:10)   MOVQ    ""..autotmp_15+120(SP), AX
        0x01d8 00472 (${GOPATH}/src/github.com/blademainer/go-exercise/demos/map/loop/main.go:10)   NOP
        0x01e0 00480 (${GOPATH}/src/github.com/blademainer/go-exercise/demos/map/loop/main.go:10)   TESTQ   AX, AX
        0x01e3 00483 (${GOPATH}/src/github.com/blademainer/go-exercise/demos/map/loop/main.go:10)   JNE     188
        0x01e9 00489 (${GOPATH}/src/github.com/blademainer/go-exercise/demos/map/loop/main.go:15)   XORPS   X0, X0
        0x01ec 00492 (${GOPATH}/src/github.com/blademainer/go-exercise/demos/map/loop/main.go:15)   MOVUPS  X0, ""..autotmp_29+88(SP)
        0x01f1 00497 (${GOPATH}/src/github.com/blademainer/go-exercise/demos/map/loop/main.go:15)   LEAQ    type.map[string]int(SB), AX
        0x01f8 00504 (${GOPATH}/src/github.com/blademainer/go-exercise/demos/map/loop/main.go:15)   MOVQ    AX, ""..autotmp_29+88(SP)
        0x01fd 00509 (${GOPATH}/src/github.com/blademainer/go-exercise/demos/map/loop/main.go:15)   MOVQ    ""..autotmp_42+80(SP), AX
        0x0202 00514 (${GOPATH}/src/github.com/blademainer/go-exercise/demos/map/loop/main.go:15)   MOVQ    AX, ""..autotmp_29+96(SP)
        0x0207 00519 (<unknown line number>)    NOP
        0x0207 00519 ($GOROOT/src/fmt/print.go:274)     MOVQ    os.Stdout(SB), AX
        0x020e 00526 ($GOROOT/src/fmt/print.go:274)     LEAQ    go.itab.*os.File,io.Writer(SB), CX
        0x0215 00533 ($GOROOT/src/fmt/print.go:274)     MOVQ    CX, (SP)
        0x0219 00537 ($GOROOT/src/fmt/print.go:274)     MOVQ    AX, 8(SP)
        0x021e 00542 ($GOROOT/src/fmt/print.go:274)     LEAQ    ""..autotmp_29+88(SP), AX
        0x0223 00547 ($GOROOT/src/fmt/print.go:274)     MOVQ    AX, 16(SP)
        0x0228 00552 ($GOROOT/src/fmt/print.go:274)     MOVQ    $1, 24(SP)
        0x0231 00561 ($GOROOT/src/fmt/print.go:274)     MOVQ    $1, 32(SP)
        0x023a 00570 ($GOROOT/src/fmt/print.go:274)     PCDATA  $1, $0
        0x023a 00570 ($GOROOT/src/fmt/print.go:274)     CALL    fmt.Fprintln(SB)
        0x023f 00575 (${GOPATH}/src/github.com/blademainer/go-exercise/demos/map/loop/main.go:15)   MOVQ    216(SP), BP
        0x0247 00583 (${GOPATH}/src/github.com/blademainer/go-exercise/demos/map/loop/main.go:15)   ADDQ    $224, SP
        0x024e 00590 (${GOPATH}/src/github.com/blademainer/go-exercise/demos/map/loop/main.go:15)   RET
        0x024f 00591 (${GOPATH}/src/github.com/blademainer/go-exercise/demos/map/loop/main.go:15)   NOP
        0x024f 00591 (${GOPATH}/src/github.com/blademainer/go-exercise/demos/map/loop/main.go:7)    PCDATA  $1, $-1
        0x024f 00591 (${GOPATH}/src/github.com/blademainer/go-exercise/demos/map/loop/main.go:7)    PCDATA  $0, $-2
        0x024f 00591 (${GOPATH}/src/github.com/blademainer/go-exercise/demos/map/loop/main.go:7)    CALL    runtime.morestack_noctxt(SB)
        0x0254 00596 (${GOPATH}/src/github.com/blademainer/go-exercise/demos/map/loop/main.go:7)    PCDATA  $0, $-1
        0x0254 00596 (${GOPATH}/src/github.com/blademainer/go-exercise/demos/map/loop/main.go:7)    JMP     0
        0x0000 65 48 8b 0c 25 00 00 00 00 48 8d 44 24 a0 48 3b  eH..%....H.D$.H;
        0x0010 41 10 0f 86 37 02 00 00 48 81 ec e0 00 00 00 48  A...7...H......H
        0x0020 89 ac 24 d8 00 00 00 48 8d ac 24 d8 00 00 00 e8  ..$....H..$.....
        0x0030 00 00 00 00 48 8b 04 24 48 89 44 24 50 48 8d 0d  ....H..$H.D$PH..
        0x0040 00 00 00 00 48 89 0c 24 48 89 44 24 08 48 8d 15  ....H..$H.D$.H..
        0x0050 00 00 00 00 48 89 54 24 10 48 c7 44 24 18 05 00  ....H.T$.H.D$...
        0x0060 00 00 e8 00 00 00 00 48 8b 44 24 20 48 c7 00 12  .......H.D$ H...
        0x0070 00 00 00 48 8d 7c 24 78 0f 57 c0 48 8d 7f e0 90  ...H.|$x.W.H....
        0x0080 48 89 6c 24 f0 48 8d 6c 24 f0 e8 00 00 00 00 48  H.l$.H.l$......H
        0x0090 8b 6d 00 48 8d 05 00 00 00 00 48 89 04 24 48 8b  .m.H......H..$H.
        0x00a0 4c 24 50 48 89 4c 24 08 48 8d 54 24 78 48 89 54  L$PH.L$.H.T$xH.T
        0x00b0 24 10 e8 00 00 00 00 e9 17 01 00 00 48 8b 08 48  $...........H..H
        0x00c0 89 4c 24 48 48 8b 40 08 48 89 44 24 40 48 c7 04  .L$HH.@.H.D$@H..
        0x00d0 24 00 00 00 00 48 89 4c 24 08 48 89 44 24 10 48  $....H.L$.H.D$.H
        0x00e0 89 4c 24 18 48 89 44 24 20 e8 00 00 00 00 48 8b  .L$.H.D$ .....H.
        0x00f0 44 24 28 48 8b 4c 24 30 48 8d 15 00 00 00 00 48  D$(H.L$0H......H
        0x0100 89 14 24 48 8b 5c 24 50 48 89 5c 24 08 48 89 44  ..$H.\$PH.\$.H.D
        0x0110 24 10 48 89 4c 24 18 e8 00 00 00 00 48 8b 44 24  $.H.L$......H.D$
        0x0120 20 48 c7 00 01 00 00 00 48 8d 05 00 00 00 00 48   H......H......H
        0x0130 89 04 24 48 8b 4c 24 50 48 89 4c 24 08 48 8b 54  ..$H.L$PH.L$.H.T
        0x0140 24 48 48 89 54 24 10 48 8b 5c 24 40 48 89 5c 24  $HH.T$.H.\$@H.\$
        0x0150 18 e8 00 00 00 00 48 8b 44 24 48 48 89 04 24 48  ......H.D$HH..$H
        0x0160 8b 44 24 40 48 89 44 24 08 e8 00 00 00 00 48 8b  .D$@H.D$......H.
        0x0170 44 24 10 0f 57 c0 0f 11 44 24 68 48 8d 0d 00 00  D$..W...D$hH....
        0x0180 00 00 48 89 4c 24 68 48 89 44 24 70 48 8b 05 00  ..H.L$hH.D$pH...
        0x0190 00 00 00 48 8d 15 00 00 00 00 48 89 14 24 48 89  ...H......H..$H.
        0x01a0 44 24 08 48 8d 44 24 68 48 89 44 24 10 48 c7 44  D$.H.D$hH.D$.H.D
        0x01b0 24 18 01 00 00 00 48 c7 44 24 20 01 00 00 00 90  $.....H.D$ .....
        0x01c0 e8 00 00 00 00 48 8d 44 24 78 48 89 04 24 e8 00  .....H.D$xH..$..
        0x01d0 00 00 00 48 8b 44 24 78 0f 1f 84 00 00 00 00 00  ...H.D$x........
        0x01e0 48 85 c0 0f 85 d3 fe ff ff 0f 57 c0 0f 11 44 24  H.........W...D$
        0x01f0 58 48 8d 05 00 00 00 00 48 89 44 24 58 48 8b 44  XH......H.D$XH.D
        0x0200 24 50 48 89 44 24 60 48 8b 05 00 00 00 00 48 8d  $PH.D$`H......H.
        0x0210 0d 00 00 00 00 48 89 0c 24 48 89 44 24 08 48 8d  .....H..$H.D$.H.
        0x0220 44 24 58 48 89 44 24 10 48 c7 44 24 18 01 00 00  D$XH.D$.H.D$....
        0x0230 00 48 c7 44 24 20 01 00 00 00 e8 00 00 00 00 48  .H.D$ .........H
        0x0240 8b ac 24 d8 00 00 00 48 81 c4 e0 00 00 00 c3 e8  ..$....H........
        0x0250 00 00 00 00 e9 a7 fd ff ff                       .........
        rel 5+4 t=17 TLS+0
        rel 48+4 t=8 runtime.makemap_small+0
        rel 64+4 t=16 type.map[string]int+0
        rel 80+4 t=16 go.string."qcrao"+0
        rel 99+4 t=8 runtime.mapassign_faststr+0
        rel 139+4 t=8 runtime.duffzero+273
        rel 150+4 t=16 type.map[string]int+0
        rel 179+4 t=8 runtime.mapiterinit+0
        rel 234+4 t=8 runtime.concatstring2+0
        rel 251+4 t=16 type.map[string]int+0
        rel 280+4 t=8 runtime.mapassign_faststr+0
        rel 299+4 t=16 type.map[string]int+0
        rel 338+4 t=8 runtime.mapdelete_faststr+0
        rel 362+4 t=8 runtime.convTstring+0
        rel 382+4 t=16 type.string+0
        rel 399+4 t=16 os.Stdout+0
        rel 406+4 t=16 go.itab.*os.File,io.Writer+0
        rel 449+4 t=8 fmt.Fprintln+0
        rel 463+4 t=8 runtime.mapiternext+0
        rel 500+4 t=16 type.map[string]int+0
        rel 522+4 t=16 os.Stdout+0
        rel 529+4 t=16 go.itab.*os.File,io.Writer+0
        rel 571+4 t=8 fmt.Fprintln+0
        rel 592+4 t=8 runtime.morestack_noctxt+0
go.cuinfo.packagename.main SDWARFINFO dupok size=0
        0x0000 6d 61 69 6e                                      main
go.info.fmt.Println$abstract SDWARFINFO dupok size=42
        0x0000 04 66 6d 74 2e 50 72 69 6e 74 6c 6e 00 01 01 11  .fmt.Println....
        0x0010 61 00 00 00 00 00 00 11 6e 00 01 00 00 00 00 11  a.......n.......
        0x0020 65 72 72 00 01 00 00 00 00 00                    err.......
        rel 0+0 t=24 type.[]interface {}+0
        rel 0+0 t=24 type.error+0
        rel 0+0 t=24 type.int+0
        rel 19+4 t=29 go.info.[]interface {}+0
        rel 27+4 t=29 go.info.int+0
        rel 37+4 t=29 go.info.error+0
go.string."qcrao" SRODATA dupok size=5
        0x0000 71 63 72 61 6f                                   qcrao
runtime.memequal64·f SRODATA dupok size=8
        0x0000 00 00 00 00 00 00 00 00                          ........
        rel 0+8 t=1 runtime.memequal64+0
runtime.gcbits.01 SRODATA dupok size=1
        0x0000 01                                               .
type..namedata.*[]uint8- SRODATA dupok size=11
        0x0000 00 00 08 2a 5b 5d 75 69 6e 74 38                 ...*[]uint8
type.*[]uint8 SRODATA dupok size=56
        0x0000 08 00 00 00 00 00 00 00 08 00 00 00 00 00 00 00  ................
        0x0010 a5 8e d0 69 08 08 08 36 00 00 00 00 00 00 00 00  ...i...6........
        0x0020 00 00 00 00 00 00 00 00 00 00 00 00 00 00 00 00  ................
        0x0030 00 00 00 00 00 00 00 00                          ........
        rel 24+8 t=1 runtime.memequal64·f+0
        rel 32+8 t=1 runtime.gcbits.01+0
        rel 40+4 t=5 type..namedata.*[]uint8-+0
        rel 48+8 t=1 type.[]uint8+0
type.[]uint8 SRODATA dupok size=56
        0x0000 18 00 00 00 00 00 00 00 08 00 00 00 00 00 00 00  ................
        0x0010 df 7e 2e 38 02 08 08 17 00 00 00 00 00 00 00 00  .~.8............
        0x0020 00 00 00 00 00 00 00 00 00 00 00 00 00 00 00 00  ................
        0x0030 00 00 00 00 00 00 00 00                          ........
        rel 32+8 t=1 runtime.gcbits.01+0
        rel 40+4 t=5 type..namedata.*[]uint8-+0
        rel 44+4 t=6 type.*[]uint8+0
        rel 48+8 t=1 type.uint8+0
type..namedata.*[8]uint8- SRODATA dupok size=12
        0x0000 00 00 09 2a 5b 38 5d 75 69 6e 74 38              ...*[8]uint8
type.*[8]uint8 SRODATA dupok size=56
        0x0000 08 00 00 00 00 00 00 00 08 00 00 00 00 00 00 00  ................
        0x0010 a9 89 a5 7a 08 08 08 36 00 00 00 00 00 00 00 00  ...z...6........
        0x0020 00 00 00 00 00 00 00 00 00 00 00 00 00 00 00 00  ................
        0x0030 00 00 00 00 00 00 00 00                          ........
        rel 24+8 t=1 runtime.memequal64·f+0
        rel 32+8 t=1 runtime.gcbits.01+0
        rel 40+4 t=5 type..namedata.*[8]uint8-+0
        rel 48+8 t=1 type.[8]uint8+0
runtime.gcbits. SRODATA dupok size=0
type.[8]uint8 SRODATA dupok size=72
        0x0000 08 00 00 00 00 00 00 00 00 00 00 00 00 00 00 00  ................
        0x0010 3e f9 30 b4 0a 01 01 11 00 00 00 00 00 00 00 00  >.0.............
        0x0020 00 00 00 00 00 00 00 00 00 00 00 00 00 00 00 00  ................
        0x0030 00 00 00 00 00 00 00 00 00 00 00 00 00 00 00 00  ................
        0x0040 08 00 00 00 00 00 00 00                          ........
        rel 24+8 t=1 runtime.memequal64·f+0
        rel 32+8 t=1 runtime.gcbits.+0
        rel 40+4 t=5 type..namedata.*[8]uint8-+0
        rel 44+4 t=6 type.*[8]uint8+0
        rel 48+8 t=1 type.uint8+0
        rel 56+8 t=1 type.[]uint8+0
type..namedata.*[]string- SRODATA dupok size=12
        0x0000 00 00 09 2a 5b 5d 73 74 72 69 6e 67              ...*[]string
type.*[]string SRODATA dupok size=56
        0x0000 08 00 00 00 00 00 00 00 08 00 00 00 00 00 00 00  ................
        0x0010 92 22 76 84 08 08 08 36 00 00 00 00 00 00 00 00  ."v....6........
        0x0020 00 00 00 00 00 00 00 00 00 00 00 00 00 00 00 00  ................
        0x0030 00 00 00 00 00 00 00 00                          ........
        rel 24+8 t=1 runtime.memequal64·f+0
        rel 32+8 t=1 runtime.gcbits.01+0
        rel 40+4 t=5 type..namedata.*[]string-+0
        rel 48+8 t=1 type.[]string+0
type.[]string SRODATA dupok size=56
        0x0000 18 00 00 00 00 00 00 00 08 00 00 00 00 00 00 00  ................
        0x0010 d3 a8 f3 0a 02 08 08 17 00 00 00 00 00 00 00 00  ................
        0x0020 00 00 00 00 00 00 00 00 00 00 00 00 00 00 00 00  ................
        0x0030 00 00 00 00 00 00 00 00                          ........
        rel 32+8 t=1 runtime.gcbits.01+0
        rel 40+4 t=5 type..namedata.*[]string-+0
        rel 44+4 t=6 type.*[]string+0
        rel 48+8 t=1 type.string+0
type..namedata.*[8]string- SRODATA dupok size=13
        0x0000 00 00 0a 2a 5b 38 5d 73 74 72 69 6e 67           ...*[8]string
type.*[8]string SRODATA dupok size=56
        0x0000 08 00 00 00 00 00 00 00 08 00 00 00 00 00 00 00  ................
        0x0010 ad 94 14 6f 08 08 08 36 00 00 00 00 00 00 00 00  ...o...6........
        0x0020 00 00 00 00 00 00 00 00 00 00 00 00 00 00 00 00  ................
        0x0030 00 00 00 00 00 00 00 00                          ........
        rel 24+8 t=1 runtime.memequal64·f+0
        rel 32+8 t=1 runtime.gcbits.01+0
        rel 40+4 t=5 type..namedata.*[8]string-+0
        rel 48+8 t=1 type.noalg.[8]string+0
runtime.gcbits.5555 SRODATA dupok size=2
        0x0000 55 55                                            UU
type.noalg.[8]string SRODATA dupok size=72
        0x0000 80 00 00 00 00 00 00 00 78 00 00 00 00 00 00 00  ........x.......
        0x0010 55 53 8c 3e 02 08 08 11 00 00 00 00 00 00 00 00  US.>............
        0x0020 00 00 00 00 00 00 00 00 00 00 00 00 00 00 00 00  ................
        0x0030 00 00 00 00 00 00 00 00 00 00 00 00 00 00 00 00  ................
        0x0040 08 00 00 00 00 00 00 00                          ........
        rel 32+8 t=1 runtime.gcbits.5555+0
        rel 40+4 t=5 type..namedata.*[8]string-+0
        rel 44+4 t=6 type.*[8]string+0
        rel 48+8 t=1 type.string+0
        rel 56+8 t=1 type.[]string+0
type..namedata.*[]int- SRODATA dupok size=9
        0x0000 00 00 06 2a 5b 5d 69 6e 74                       ...*[]int
type.*[]int SRODATA dupok size=56
        0x0000 08 00 00 00 00 00 00 00 08 00 00 00 00 00 00 00  ................
        0x0010 1b 31 52 88 08 08 08 36 00 00 00 00 00 00 00 00  .1R....6........
        0x0020 00 00 00 00 00 00 00 00 00 00 00 00 00 00 00 00  ................
        0x0030 00 00 00 00 00 00 00 00                          ........
        rel 24+8 t=1 runtime.memequal64·f+0
        rel 32+8 t=1 runtime.gcbits.01+0
        rel 40+4 t=5 type..namedata.*[]int-+0
        rel 48+8 t=1 type.[]int+0
type.[]int SRODATA dupok size=56
        0x0000 18 00 00 00 00 00 00 00 08 00 00 00 00 00 00 00  ................
        0x0010 8e 66 f9 1b 02 08 08 17 00 00 00 00 00 00 00 00  .f..............
        0x0020 00 00 00 00 00 00 00 00 00 00 00 00 00 00 00 00  ................
        0x0030 00 00 00 00 00 00 00 00                          ........
        rel 32+8 t=1 runtime.gcbits.01+0
        rel 40+4 t=5 type..namedata.*[]int-+0
        rel 44+4 t=6 type.*[]int+0
        rel 48+8 t=1 type.int+0
type..namedata.*[8]int- SRODATA dupok size=10
        0x0000 00 00 07 2a 5b 38 5d 69 6e 74                    ...*[8]int
type.*[8]int SRODATA dupok size=56
        0x0000 08 00 00 00 00 00 00 00 08 00 00 00 00 00 00 00  ................
        0x0010 f3 3f a8 3b 08 08 08 36 00 00 00 00 00 00 00 00  .?.;...6........
        0x0020 00 00 00 00 00 00 00 00 00 00 00 00 00 00 00 00  ................
        0x0030 00 00 00 00 00 00 00 00                          ........
        rel 24+8 t=1 runtime.memequal64·f+0
        rel 32+8 t=1 runtime.gcbits.01+0
        rel 40+4 t=5 type..namedata.*[8]int-+0
        rel 48+8 t=1 type.noalg.[8]int+0
type.noalg.[8]int SRODATA dupok size=72
        0x0000 40 00 00 00 00 00 00 00 00 00 00 00 00 00 00 00  @...............
        0x0010 96 99 d5 05 02 08 08 11 00 00 00 00 00 00 00 00  ................
        0x0020 00 00 00 00 00 00 00 00 00 00 00 00 00 00 00 00  ................
        0x0030 00 00 00 00 00 00 00 00 00 00 00 00 00 00 00 00  ................
        0x0040 08 00 00 00 00 00 00 00                          ........
        rel 32+8 t=1 runtime.gcbits.+0
        rel 40+4 t=5 type..namedata.*[8]int-+0
        rel 44+4 t=6 type.*[8]int+0
        rel 48+8 t=1 type.int+0
        rel 56+8 t=1 type.[]int+0
runtime.gcbits.aaaa0002 SRODATA dupok size=4
        0x0000 aa aa 00 02                                      ....
type..namedata.*map.bucket[string]int- SRODATA dupok size=25
        0x0000 00 00 16 2a 6d 61 70 2e 62 75 63 6b 65 74 5b 73  ...*map.bucket[s
        0x0010 74 72 69 6e 67 5d 69 6e 74                       tring]int
type..importpath.. SRODATA dupok size=3
        0x0000 00 00 00                                         ...
type..namedata.topbits- SRODATA dupok size=10
        0x0000 00 00 07 74 6f 70 62 69 74 73                    ...topbits
type..namedata.keys- SRODATA dupok size=7
        0x0000 00 00 04 6b 65 79 73                             ...keys
type..namedata.elems- SRODATA dupok size=8
        0x0000 00 00 05 65 6c 65 6d 73                          ...elems
type..namedata.overflow- SRODATA dupok size=11
        0x0000 00 00 08 6f 76 65 72 66 6c 6f 77                 ...overflow
type.noalg.map.bucket[string]int SRODATA dupok size=176
        0x0000 d0 00 00 00 00 00 00 00 d0 00 00 00 00 00 00 00  ................
        0x0010 5d 68 63 71 02 08 08 19 00 00 00 00 00 00 00 00  ]hcq............
        0x0020 00 00 00 00 00 00 00 00 00 00 00 00 00 00 00 00  ................
        0x0030 00 00 00 00 00 00 00 00 00 00 00 00 00 00 00 00  ................
        0x0040 04 00 00 00 00 00 00 00 04 00 00 00 00 00 00 00  ................
        0x0050 00 00 00 00 00 00 00 00 00 00 00 00 00 00 00 00  ................
        0x0060 00 00 00 00 00 00 00 00 00 00 00 00 00 00 00 00  ................
        0x0070 00 00 00 00 00 00 00 00 10 00 00 00 00 00 00 00  ................
        0x0080 00 00 00 00 00 00 00 00 00 00 00 00 00 00 00 00  ................
        0x0090 10 01 00 00 00 00 00 00 00 00 00 00 00 00 00 00  ................
        0x00a0 00 00 00 00 00 00 00 00 90 01 00 00 00 00 00 00  ................
        rel 32+8 t=1 runtime.gcbits.aaaa0002+0
        rel 40+4 t=5 type..namedata.*map.bucket[string]int-+0
        rel 44+4 t=6 type.*map.bucket[string]int+0
        rel 48+8 t=1 type..importpath..+0
        rel 56+8 t=1 type.noalg.map.bucket[string]int+80
        rel 80+8 t=1 type..namedata.topbits-+0
        rel 88+8 t=1 type.[8]uint8+0
        rel 104+8 t=1 type..namedata.keys-+0
        rel 112+8 t=1 type.noalg.[8]string+0
        rel 128+8 t=1 type..namedata.elems-+0
        rel 136+8 t=1 type.noalg.[8]int+0
        rel 152+8 t=1 type..namedata.overflow-+0
        rel 160+8 t=1 type.*map.bucket[string]int+0
type.*map.bucket[string]int SRODATA dupok size=56
        0x0000 08 00 00 00 00 00 00 00 08 00 00 00 00 00 00 00  ................
        0x0010 c9 be cc 9c 08 08 08 36 00 00 00 00 00 00 00 00  .......6........
        0x0020 00 00 00 00 00 00 00 00 00 00 00 00 00 00 00 00  ................
        0x0030 00 00 00 00 00 00 00 00                          ........
        rel 24+8 t=1 runtime.memequal64·f+0
        rel 32+8 t=1 runtime.gcbits.01+0
        rel 40+4 t=5 type..namedata.*map.bucket[string]int-+0
        rel 48+8 t=1 type.noalg.map.bucket[string]int+0
runtime.gcbits.2c SRODATA dupok size=1
        0x0000 2c                                               ,
type..namedata.*map.hdr[string]int- SRODATA dupok size=22
        0x0000 00 00 13 2a 6d 61 70 2e 68 64 72 5b 73 74 72 69  ...*map.hdr[stri
        0x0010 6e 67 5d 69 6e 74                                ng]int
type..namedata.count- SRODATA dupok size=8
        0x0000 00 00 05 63 6f 75 6e 74                          ...count
type..namedata.flags- SRODATA dupok size=8
        0x0000 00 00 05 66 6c 61 67 73                          ...flags
type..namedata.B. SRODATA dupok size=4
        0x0000 01 00 01 42                                      ...B
type..namedata.noverflow- SRODATA dupok size=12
        0x0000 00 00 09 6e 6f 76 65 72 66 6c 6f 77              ...noverflow
type..namedata.hash0- SRODATA dupok size=8
        0x0000 00 00 05 68 61 73 68 30                          ...hash0
type..namedata.buckets- SRODATA dupok size=10
        0x0000 00 00 07 62 75 63 6b 65 74 73                    ...buckets
type..namedata.oldbuckets- SRODATA dupok size=13
        0x0000 00 00 0a 6f 6c 64 62 75 63 6b 65 74 73           ...oldbuckets
type..namedata.nevacuate- SRODATA dupok size=12
        0x0000 00 00 09 6e 65 76 61 63 75 61 74 65              ...nevacuate
type..namedata.extra- SRODATA dupok size=8
        0x0000 00 00 05 65 78 74 72 61                          ...extra
type.noalg.map.hdr[string]int SRODATA dupok size=296
        0x0000 30 00 00 00 00 00 00 00 30 00 00 00 00 00 00 00  0.......0.......
        0x0010 35 46 99 12 02 08 08 19 00 00 00 00 00 00 00 00  5F..............
        0x0020 00 00 00 00 00 00 00 00 00 00 00 00 00 00 00 00  ................
        0x0030 00 00 00 00 00 00 00 00 00 00 00 00 00 00 00 00  ................
        0x0040 09 00 00 00 00 00 00 00 09 00 00 00 00 00 00 00  ................
        0x0050 00 00 00 00 00 00 00 00 00 00 00 00 00 00 00 00  ................
        0x0060 00 00 00 00 00 00 00 00 00 00 00 00 00 00 00 00  ................
        0x0070 00 00 00 00 00 00 00 00 10 00 00 00 00 00 00 00  ................
        0x0080 00 00 00 00 00 00 00 00 00 00 00 00 00 00 00 00  ................
        0x0090 12 00 00 00 00 00 00 00 00 00 00 00 00 00 00 00  ................
        0x00a0 00 00 00 00 00 00 00 00 14 00 00 00 00 00 00 00  ................
        0x00b0 00 00 00 00 00 00 00 00 00 00 00 00 00 00 00 00  ................
        0x00c0 18 00 00 00 00 00 00 00 00 00 00 00 00 00 00 00  ................
        0x00d0 00 00 00 00 00 00 00 00 20 00 00 00 00 00 00 00  ........ .......
        0x00e0 00 00 00 00 00 00 00 00 00 00 00 00 00 00 00 00  ................
        0x00f0 30 00 00 00 00 00 00 00 00 00 00 00 00 00 00 00  0...............
        0x0100 00 00 00 00 00 00 00 00 40 00 00 00 00 00 00 00  ........@.......
        0x0110 00 00 00 00 00 00 00 00 00 00 00 00 00 00 00 00  ................
        0x0120 50 00 00 00 00 00 00 00                          P.......
        rel 32+8 t=1 runtime.gcbits.2c+0
        rel 40+4 t=5 type..namedata.*map.hdr[string]int-+0
        rel 44+4 t=6 type.*map.hdr[string]int+0
        rel 48+8 t=1 type..importpath..+0
        rel 56+8 t=1 type.noalg.map.hdr[string]int+80
        rel 80+8 t=1 type..namedata.count-+0
        rel 88+8 t=1 type.int+0
        rel 104+8 t=1 type..namedata.flags-+0
        rel 112+8 t=1 type.uint8+0
        rel 128+8 t=1 type..namedata.B.+0
        rel 136+8 t=1 type.uint8+0
        rel 152+8 t=1 type..namedata.noverflow-+0
        rel 160+8 t=1 type.uint16+0
        rel 176+8 t=1 type..namedata.hash0-+0
        rel 184+8 t=1 type.uint32+0
        rel 200+8 t=1 type..namedata.buckets-+0
        rel 208+8 t=1 type.*map.bucket[string]int+0
        rel 224+8 t=1 type..namedata.oldbuckets-+0
        rel 232+8 t=1 type.*map.bucket[string]int+0
        rel 248+8 t=1 type..namedata.nevacuate-+0
        rel 256+8 t=1 type.uintptr+0
        rel 272+8 t=1 type..namedata.extra-+0
        rel 280+8 t=1 type.unsafe.Pointer+0
type.*map.hdr[string]int SRODATA dupok size=56
        0x0000 08 00 00 00 00 00 00 00 08 00 00 00 00 00 00 00  ................
        0x0010 9b ec 34 c9 08 08 08 36 00 00 00 00 00 00 00 00  ..4....6........
        0x0020 00 00 00 00 00 00 00 00 00 00 00 00 00 00 00 00  ................
        0x0030 00 00 00 00 00 00 00 00                          ........
        rel 24+8 t=1 runtime.memequal64·f+0
        rel 32+8 t=1 runtime.gcbits.01+0
        rel 40+4 t=5 type..namedata.*map.hdr[string]int-+0
        rel 48+8 t=1 type.noalg.map.hdr[string]int+0
type..namedata.*map.iter[string]int- SRODATA dupok size=23
        0x0000 00 00 14 2a 6d 61 70 2e 69 74 65 72 5b 73 74 72  ...*map.iter[str
        0x0010 69 6e 67 5d 69 6e 74                             ing]int
type.*map.iter[string]int SRODATA dupok size=56
        0x0000 08 00 00 00 00 00 00 00 08 00 00 00 00 00 00 00  ................
        0x0010 cb 46 a4 2e 08 08 08 36 00 00 00 00 00 00 00 00  .F.....6........
        0x0020 00 00 00 00 00 00 00 00 00 00 00 00 00 00 00 00  ................
        0x0030 00 00 00 00 00 00 00 00                          ........
        rel 24+8 t=1 runtime.memequal64·f+0
        rel 32+8 t=1 runtime.gcbits.01+0
        rel 40+4 t=5 type..namedata.*map.iter[string]int-+0
        rel 48+8 t=1 type.noalg.map.iter[string]int+0
runtime.gcbits.ff SRODATA dupok size=1
        0x0000 ff                                               .
type..namedata.key- SRODATA dupok size=6
        0x0000 00 00 03 6b 65 79                                ...key
type..namedata.elem- SRODATA dupok size=7
        0x0000 00 00 04 65 6c 65 6d                             ...elem
type..namedata.t- SRODATA dupok size=4
        0x0000 00 00 01 74                                      ...t
type..namedata.h- SRODATA dupok size=4
        0x0000 00 00 01 68                                      ...h
type..namedata.bptr- SRODATA dupok size=7
        0x0000 00 00 04 62 70 74 72                             ...bptr
type..namedata.oldoverflow- SRODATA dupok size=14
        0x0000 00 00 0b 6f 6c 64 6f 76 65 72 66 6c 6f 77        ...oldoverflow
type..namedata.startBucket- SRODATA dupok size=14
        0x0000 00 00 0b 73 74 61 72 74 42 75 63 6b 65 74        ...startBucket
type..namedata.offset- SRODATA dupok size=9
        0x0000 00 00 06 6f 66 66 73 65 74                       ...offset
type..namedata.wrapped- SRODATA dupok size=10
        0x0000 00 00 07 77 72 61 70 70 65 64                    ...wrapped
type..namedata.i- SRODATA dupok size=4
        0x0000 00 00 01 69                                      ...i
type..namedata.bucket- SRODATA dupok size=9
        0x0000 00 00 06 62 75 63 6b 65 74                       ...bucket
type..namedata.checkBucket- SRODATA dupok size=14
        0x0000 00 00 0b 63 68 65 63 6b 42 75 63 6b 65 74        ...checkBucket
type.noalg.map.iter[string]int SRODATA dupok size=440
        0x0000 60 00 00 00 00 00 00 00 40 00 00 00 00 00 00 00  `.......@.......
        0x0010 a2 3e b6 6b 02 08 08 19 00 00 00 00 00 00 00 00  .>.k............
        0x0020 00 00 00 00 00 00 00 00 00 00 00 00 00 00 00 00  ................
        0x0030 00 00 00 00 00 00 00 00 00 00 00 00 00 00 00 00  ................
        0x0040 0f 00 00 00 00 00 00 00 0f 00 00 00 00 00 00 00  ................
        0x0050 00 00 00 00 00 00 00 00 00 00 00 00 00 00 00 00  ................
        0x0060 00 00 00 00 00 00 00 00 00 00 00 00 00 00 00 00  ................
        0x0070 00 00 00 00 00 00 00 00 10 00 00 00 00 00 00 00  ................
        0x0080 00 00 00 00 00 00 00 00 00 00 00 00 00 00 00 00  ................
        0x0090 20 00 00 00 00 00 00 00 00 00 00 00 00 00 00 00   ...............
        0x00a0 00 00 00 00 00 00 00 00 30 00 00 00 00 00 00 00  ........0.......
        0x00b0 00 00 00 00 00 00 00 00 00 00 00 00 00 00 00 00  ................
        0x00c0 40 00 00 00 00 00 00 00 00 00 00 00 00 00 00 00  @...............
        0x00d0 00 00 00 00 00 00 00 00 50 00 00 00 00 00 00 00  ........P.......
        0x00e0 00 00 00 00 00 00 00 00 00 00 00 00 00 00 00 00  ................
        0x00f0 60 00 00 00 00 00 00 00 00 00 00 00 00 00 00 00  `...............
        0x0100 00 00 00 00 00 00 00 00 70 00 00 00 00 00 00 00  ........p.......
        0x0110 00 00 00 00 00 00 00 00 00 00 00 00 00 00 00 00  ................
        0x0120 80 00 00 00 00 00 00 00 00 00 00 00 00 00 00 00  ................
        0x0130 00 00 00 00 00 00 00 00 90 00 00 00 00 00 00 00  ................
        0x0140 00 00 00 00 00 00 00 00 00 00 00 00 00 00 00 00  ................
        0x0150 92 00 00 00 00 00 00 00 00 00 00 00 00 00 00 00  ................
        0x0160 00 00 00 00 00 00 00 00 94 00 00 00 00 00 00 00  ................
        0x0170 00 00 00 00 00 00 00 00 00 00 00 00 00 00 00 00  ................
        0x0180 96 00 00 00 00 00 00 00 00 00 00 00 00 00 00 00  ................
        0x0190 00 00 00 00 00 00 00 00 a0 00 00 00 00 00 00 00  ................
        0x01a0 00 00 00 00 00 00 00 00 00 00 00 00 00 00 00 00  ................
        0x01b0 b0 00 00 00 00 00 00 00                          ........
        rel 32+8 t=1 runtime.gcbits.ff+0
        rel 40+4 t=5 type..namedata.*map.iter[string]int-+0
        rel 44+4 t=6 type.*map.iter[string]int+0
        rel 48+8 t=1 type..importpath..+0
        rel 56+8 t=1 type.noalg.map.iter[string]int+80
        rel 80+8 t=1 type..namedata.key-+0
        rel 88+8 t=1 type.*string+0
        rel 104+8 t=1 type..namedata.elem-+0
        rel 112+8 t=1 type.*int+0
        rel 128+8 t=1 type..namedata.t-+0
        rel 136+8 t=1 type.unsafe.Pointer+0
        rel 152+8 t=1 type..namedata.h-+0
        rel 160+8 t=1 type.*map.hdr[string]int+0
        rel 176+8 t=1 type..namedata.buckets-+0
        rel 184+8 t=1 type.*map.bucket[string]int+0
        rel 200+8 t=1 type..namedata.bptr-+0
        rel 208+8 t=1 type.*map.bucket[string]int+0
        rel 224+8 t=1 type..namedata.overflow-+0
        rel 232+8 t=1 type.unsafe.Pointer+0
        rel 248+8 t=1 type..namedata.oldoverflow-+0
        rel 256+8 t=1 type.unsafe.Pointer+0
        rel 272+8 t=1 type..namedata.startBucket-+0
        rel 280+8 t=1 type.uintptr+0
        rel 296+8 t=1 type..namedata.offset-+0
        rel 304+8 t=1 type.uint8+0
        rel 320+8 t=1 type..namedata.wrapped-+0
        rel 328+8 t=1 type.bool+0
        rel 344+8 t=1 type..namedata.B.+0
        rel 352+8 t=1 type.uint8+0
        rel 368+8 t=1 type..namedata.i-+0
        rel 376+8 t=1 type.uint8+0
        rel 392+8 t=1 type..namedata.bucket-+0
        rel 400+8 t=1 type.uintptr+0
        rel 416+8 t=1 type..namedata.checkBucket-+0
        rel 424+8 t=1 type.uintptr+0
runtime.nilinterequal·f SRODATA dupok size=8
        0x0000 00 00 00 00 00 00 00 00                          ........
        rel 0+8 t=1 runtime.nilinterequal+0
type..namedata.*interface {}- SRODATA dupok size=16
        0x0000 00 00 0d 2a 69 6e 74 65 72 66 61 63 65 20 7b 7d  ...*interface {}
type.*interface {} SRODATA dupok size=56
        0x0000 08 00 00 00 00 00 00 00 08 00 00 00 00 00 00 00  ................
        0x0010 4f 0f 96 9d 08 08 08 36 00 00 00 00 00 00 00 00  O......6........
        0x0020 00 00 00 00 00 00 00 00 00 00 00 00 00 00 00 00  ................
        0x0030 00 00 00 00 00 00 00 00                          ........
        rel 24+8 t=1 runtime.memequal64·f+0
        rel 32+8 t=1 runtime.gcbits.01+0
        rel 40+4 t=5 type..namedata.*interface {}-+0
        rel 48+8 t=1 type.interface {}+0
runtime.gcbits.02 SRODATA dupok size=1
        0x0000 02                                               .
type.interface {} SRODATA dupok size=80
        0x0000 10 00 00 00 00 00 00 00 10 00 00 00 00 00 00 00  ................
        0x0010 e7 57 a0 18 02 08 08 14 00 00 00 00 00 00 00 00  .W..............
        0x0020 00 00 00 00 00 00 00 00 00 00 00 00 00 00 00 00  ................
        0x0030 00 00 00 00 00 00 00 00 00 00 00 00 00 00 00 00  ................
        0x0040 00 00 00 00 00 00 00 00 00 00 00 00 00 00 00 00  ................
        rel 24+8 t=1 runtime.nilinterequal·f+0
        rel 32+8 t=1 runtime.gcbits.02+0
        rel 40+4 t=5 type..namedata.*interface {}-+0
        rel 44+4 t=6 type.*interface {}+0
        rel 56+8 t=1 type.interface {}+80
type..namedata.*[]interface {}- SRODATA dupok size=18
        0x0000 00 00 0f 2a 5b 5d 69 6e 74 65 72 66 61 63 65 20  ...*[]interface
        0x0010 7b 7d                                            {}
type.*[]interface {} SRODATA dupok size=56
        0x0000 08 00 00 00 00 00 00 00 08 00 00 00 00 00 00 00  ................
        0x0010 f3 04 9a e7 08 08 08 36 00 00 00 00 00 00 00 00  .......6........
        0x0020 00 00 00 00 00 00 00 00 00 00 00 00 00 00 00 00  ................
        0x0030 00 00 00 00 00 00 00 00                          ........
        rel 24+8 t=1 runtime.memequal64·f+0
        rel 32+8 t=1 runtime.gcbits.01+0
        rel 40+4 t=5 type..namedata.*[]interface {}-+0
        rel 48+8 t=1 type.[]interface {}+0
type.[]interface {} SRODATA dupok size=56
        0x0000 18 00 00 00 00 00 00 00 08 00 00 00 00 00 00 00  ................
        0x0010 70 93 ea 2f 02 08 08 17 00 00 00 00 00 00 00 00  p../............
        0x0020 00 00 00 00 00 00 00 00 00 00 00 00 00 00 00 00  ................
        0x0030 00 00 00 00 00 00 00 00                          ........
        rel 32+8 t=1 runtime.gcbits.01+0
        rel 40+4 t=5 type..namedata.*[]interface {}-+0
        rel 44+4 t=6 type.*[]interface {}+0
        rel 48+8 t=1 type.interface {}+0
type..namedata.*[1]interface {}- SRODATA dupok size=19
        0x0000 00 00 10 2a 5b 31 5d 69 6e 74 65 72 66 61 63 65  ...*[1]interface
        0x0010 20 7b 7d                                          {}
type.*[1]interface {} SRODATA dupok size=56
        0x0000 08 00 00 00 00 00 00 00 08 00 00 00 00 00 00 00  ................
        0x0010 bf 03 a8 35 08 08 08 36 00 00 00 00 00 00 00 00  ...5...6........
        0x0020 00 00 00 00 00 00 00 00 00 00 00 00 00 00 00 00  ................
        0x0030 00 00 00 00 00 00 00 00                          ........
        rel 24+8 t=1 runtime.memequal64·f+0
        rel 32+8 t=1 runtime.gcbits.01+0
        rel 40+4 t=5 type..namedata.*[1]interface {}-+0
        rel 48+8 t=1 type.[1]interface {}+0
type.[1]interface {} SRODATA dupok size=72
        0x0000 10 00 00 00 00 00 00 00 10 00 00 00 00 00 00 00  ................
        0x0010 50 91 5b fa 02 08 08 11 00 00 00 00 00 00 00 00  P.[.............
        0x0020 00 00 00 00 00 00 00 00 00 00 00 00 00 00 00 00  ................
        0x0030 00 00 00 00 00 00 00 00 00 00 00 00 00 00 00 00  ................
        0x0040 01 00 00 00 00 00 00 00                          ........
        rel 24+8 t=1 runtime.nilinterequal·f+0
        rel 32+8 t=1 runtime.gcbits.02+0
        rel 40+4 t=5 type..namedata.*[1]interface {}-+0
        rel 44+4 t=6 type.*[1]interface {}+0
        rel 48+8 t=1 type.interface {}+0
        rel 56+8 t=1 type.[]interface {}+0
go.string..gostring.135.63bf4dc91441c990ea41abc86b7c193ba9a734bae4ece64c651061763d8e211a SRODATA dupok size=135
        0x0000 30 77 af 0c 92 74 08 02 41 e1 c1 07 e6 d6 18 e6  0w...t..A.......
        0x0010 70 61 74 68 09 67 69 74 68 75 62 2e 63 6f 6d 2f  path.github.com/
        0x0020 62 6c 61 64 65 6d 61 69 6e 65 72 2f 67 6f 2d 65  blademainer/go-e
        0x0030 78 65 72 63 69 73 65 2f 64 65 6d 6f 73 2f 6d 61  xercise/demos/ma
        0x0040 70 2f 6c 6f 6f 70 0a 6d 6f 64 09 67 69 74 68 75  p/loop.mod.githu
        0x0050 62 2e 63 6f 6d 2f 62 6c 61 64 65 6d 61 69 6e 65  b.com/blademaine
        0x0060 72 2f 67 6f 2d 65 78 65 72 63 69 73 65 09 28 64  r/go-exercise.(d
        0x0070 65 76 65 6c 29 09 0a f9 32 43 31 86 18 20 72 00  evel)...2C1.. r.
        0x0080 82 42 10 41 16 d8 f2                             .B.A...
""..inittask SNOPTRDATA size=32
        0x0000 00 00 00 00 00 00 00 00 01 00 00 00 00 00 00 00  ................
        0x0010 00 00 00 00 00 00 00 00 00 00 00 00 00 00 00 00  ................
        rel 24+8 t=1 fmt..inittask+0
runtime.modinfo SDATA size=16
        0x0000 00 00 00 00 00 00 00 00 87 00 00 00 00 00 00 00  ................
        rel 0+8 t=1 go.string..gostring.135.63bf4dc91441c990ea41abc86b7c193ba9a734bae4ece64c651061763d8e211a+0
runtime.strhash·f SRODATA dupok size=8
        0x0000 00 00 00 00 00 00 00 00                          ........
        rel 0+8 t=1 runtime.strhash+0
type..namedata.*map[string]int- SRODATA dupok size=18
        0x0000 00 00 0f 2a 6d 61 70 5b 73 74 72 69 6e 67 5d 69  ...*map[string]i
        0x0010 6e 74                                            nt
type.*map[string]int SRODATA dupok size=56
        0x0000 08 00 00 00 00 00 00 00 08 00 00 00 00 00 00 00  ................
        0x0010 8e 5e 06 04 08 08 08 36 00 00 00 00 00 00 00 00  .^.....6........
        0x0020 00 00 00 00 00 00 00 00 00 00 00 00 00 00 00 00  ................
        0x0030 00 00 00 00 00 00 00 00                          ........
        rel 24+8 t=1 runtime.memequal64·f+0
        rel 32+8 t=1 runtime.gcbits.01+0
        rel 40+4 t=5 type..namedata.*map[string]int-+0
        rel 48+8 t=1 type.map[string]int+0
type.map[string]int SRODATA dupok size=88
        0x0000 08 00 00 00 00 00 00 00 08 00 00 00 00 00 00 00  ................
        0x0010 e5 db c8 4a 02 08 08 35 00 00 00 00 00 00 00 00  ...J...5........
        0x0020 00 00 00 00 00 00 00 00 00 00 00 00 00 00 00 00  ................
        0x0030 00 00 00 00 00 00 00 00 00 00 00 00 00 00 00 00  ................
        0x0040 00 00 00 00 00 00 00 00 00 00 00 00 00 00 00 00  ................
        0x0050 10 08 d0 00 0c 00 00 00                          ........
        rel 32+8 t=1 runtime.gcbits.01+0
        rel 40+4 t=5 type..namedata.*map[string]int-+0
        rel 44+4 t=6 type.*map[string]int+0
        rel 48+8 t=1 type.string+0
        rel 56+8 t=1 type.int+0
        rel 64+8 t=1 type.noalg.map.bucket[string]int+0
        rel 72+8 t=1 runtime.strhash·f+0
go.itab.*os.File,io.Writer SRODATA dupok size=32
        0x0000 00 00 00 00 00 00 00 00 00 00 00 00 00 00 00 00  ................
        0x0010 44 b5 f3 33 00 00 00 00 00 00 00 00 00 00 00 00  D..3............
        rel 0+8 t=1 type.io.Writer+0
        rel 8+8 t=1 type.*os.File+0
        rel 24+8 t=1 os.(*File).Write+0
go.itablink.*os.File,io.Writer SRODATA dupok size=8
        0x0000 00 00 00 00 00 00 00 00                          ........
        rel 0+8 t=1 go.itab.*os.File,io.Writer+0
type..importpath.fmt. SRODATA dupok size=6
        0x0000 00 00 03 66 6d 74                                ...fmt
type..importpath.unsafe. SRODATA dupok size=9
        0x0000 00 00 06 75 6e 73 61 66 65                       ...unsafe
gclocals·e6397a44f8e1b6e77d0f200b4fba5269 SRODATA dupok size=10
        0x0000 02 00 00 00 03 00 00 00 01 00                    ..........
gclocals·69c1753bd5f81501d95132d08af04464 SRODATA dupok size=8
        0x0000 02 00 00 00 00 00 00 00                          ........
gclocals·f6bd6b3389b872033d462029172c8612 SRODATA dupok size=8
        0x0000 04 00 00 00 00 00 00 00                          ........
gclocals·0d0e6f8566d1cd8cf7ffdfe7549453cd SRODATA dupok size=20
        0x0000 04 00 00 00 12 00 00 00 00 00 00 02 00 00 c2 3f  ...............?
        0x0010 00 c3 3f 00                                      ..?.
"".main.stkobj SRODATA size=56
        0x0000 03 00 00 00 00 00 00 00 80 ff ff ff ff ff ff ff  ................
        0x0010 00 00 00 00 00 00 00 00 90 ff ff ff ff ff ff ff  ................
        0x0020 00 00 00 00 00 00 00 00 a0 ff ff ff ff ff ff ff  ................
        0x0030 00 00 00 00 00 00 00 00                          ........
        rel 16+8 t=1 type.[1]interface {}+0
        rel 32+8 t=1 type.[1]interface {}+0
        rel 48+8 t=1 type.noalg.map.iter[string]int+0